[[2m20:15:14[0m] [32;01mRepository directory: /home/dsieh/Projects/pkg-stuff/repos[0m
[[2m20:15:14[0m] [32;01mSource directory:     /home/dsieh/Projects/pkg-stuff/sources[0m
[[2m20:15:14[0m] [32;01mPreparing project source for vault-be[0m
[[2m20:15:14[0m] [32;01mLocal repo  doesn't exist; cloning[0m
Cloning into bare repository '/home/dsieh/Projects/pkg-stuff/repos/vault-be'...
[[2m20:15:17[0m] [32;01mUpdating mirror: vault-be[0m
Fetching origin
[[2m20:15:17[0m] [32;01mPreparing project source for vault-fe[0m
[[2m20:15:17[0m] [32;01mLocal repo  doesn't exist; cloning[0m
Cloning into bare repository '/home/dsieh/Projects/pkg-stuff/repos/vault-fe'...
[[2m20:15:19[0m] [32;01mUpdating mirror: vault-fe[0m
Fetching origin
yarn install v1.7.0
[1/4] Resolving packages...
[2/4] Fetching packages...
info fsevents@1.1.3: The platform "linux" is incompatible with this module.
info "fsevents@1.1.3" is an optional dependency and failed compatibility check. Excluding it from installation.
[3/4] Linking dependencies...
warning " > winston-rsyslog@0.0.2" has incorrect peer dependency "winston@~0.7.2".
[4/4] Building fresh packages...
success Saved lockfile.
Done in 65.21s.
yarn install v1.7.0
[1/4] Resolving packages...
[2/4] Fetching packages...
info fsevents@1.1.1: The platform "linux" is incompatible with this module.
info "fsevents@1.1.1" is an optional dependency and failed compatibility check. Excluding it from installation.
[3/4] Linking dependencies...
warning " > bootstrap@4.0.0" has unmet peer dependency "jquery@1.9.1 - 3".
warning " > bootstrap@4.0.0" has unmet peer dependency "popper.js@^1.12.9".
warning " > ng2-pdf-viewer@4.1.2" has unmet peer dependency "pdfjs-dist@1.9.489".
warning " > ng2-pdf-viewer@4.1.2" has unmet peer dependency "@types/pdfjs-dist@^0.1.1".
warning "ng2-pdf-viewer > pdfjs-dist > worker-loader@0.8.1" has unmet peer dependency "webpack@>=0.9 <2 || ^2.1.0-beta || ^2.2.0".
warning " > codelyzer@3.1.2" has incorrect peer dependency "@angular/compiler@^2.3.1 || >=4.0.0-beta <5.0.0".
warning " > codelyzer@3.1.2" has incorrect peer dependency "@angular/core@^2.3.1 || >=4.0.0-beta <5.0.0".
[4/4] Building fresh packages...
success Saved lockfile.
Done in 706.31s.
Your global Angular CLI version (6.0.1) is greater than your local
version (1.7.4). The local Angular CLI version is used.

To disable this warning use "ng config -g cli.warnings.versionMismatch false".
../dck-vault-build/bin/deploy-prep.sh: line 93: 41930 Killed                  ng build --no-progress -prod
[[2m02:48:47[0m] [32;01m#### Gather up assets...[0m
cp: cannot stat '/home/dsieh/Projects/pkg-stuff/sources/vault-fe/dist/*': No such file or directory
[[2m02:48:50[0m] [32;01m#### Building package...[0m
[[2m02:49:55[0m] [32;01m#### Done.[0m
